
     Program LD1 v.7.3.1 starts on 11Nov2024 at 20:45:32 

     This program is part of the open-source Quantum ESPRESSO suite
     for quantum simulation of materials; please cite
         "P. Giannozzi et al., J. Phys.:Condens. Matter 21 395502 (2009);
         "P. Giannozzi et al., J. Phys.:Condens. Matter 29 465901 (2017);
         "P. Giannozzi et al., J. Chem. Phys. 152 154105 (2020);
          URL http://www.quantum-espresso.org", 
     in publications or presentations arising from this work. More details at
     http://www.quantum-espresso.org/quote

     Parallel version (MPI), running on     1 processors

     MPI processes distributed on     1 nodes
     510 MiB available memory on the printing compute node when the environment starts

     Waiting for input...
     Reading input from standard input
     --------------------------- All-electron run ----------------------------

     Si                                                                         

     atomic number is 14.00
     dft =PZ   lsd =0 sic =0 latt =0  beta=0.20 tr2=1.0E-14
     Exchange-correlation= PZ
                           (   1   1   0   0   0   0   0)
     mesh =1781 r(mesh) =  99.57814 a.u. xmin = -7.00 dx = 0.00800
     1 Ry =  13.60569312 eV

     n l     nl                  e(Ry)          e(Ha)          e(eV)
     1 0     1S 1( 2.00)      -130.3691       -65.1846     -1773.7622
     2 0     2S 1( 2.00)       -10.1489        -5.0745      -138.0832
     2 1     2P 1( 6.00)        -7.0288        -3.5144       -95.6312
     3 0     3S 1( 2.00)        -0.7966        -0.3983       -10.8387
     3 1     3P 1( 2.00)        -0.3071        -0.1535        -4.1777

     final scf error:  6.3E-15 reached in  27 iterations

     Etot =    -576.383950 Ry,    -288.191975 Ha,   -7842.103151 eV

     Ekin =     574.976539 Ry,     287.488270 Ha,    7822.954349 eV
     Encl =   -1375.797064 Ry,    -687.898532 Ha,  -18718.672648 eV
     Eh   =     263.529995 Ry,     131.764997 Ha,    3585.508238 eV
     Exc  =     -39.093421 Ry,     -19.546711 Ha,    -531.893092 eV


     normalization and overlap integrals

     s(1S/1S) =  1.000000  <r> =   0.1120  <r2> =    0.0169  r(max) =   0.0732
     s(1S/2S) = -0.000000
     s(1S/3S) =  0.000000
     s(2S/2S) =  1.000000  <r> =   0.5725  <r2> =    0.3920  r(max) =   0.4570
     s(2S/3S) = -0.000000
     s(2P/2P) =  1.000000  <r> =   0.5392  <r2> =    0.3673  r(max) =   0.3863
     s(2P/3P) = -0.000000
     s(3S/3S) =  1.000000  <r> =   2.1633  <r2> =    5.4669  r(max) =   1.7806
     s(3P/3P) =  1.000000  <r> =   2.7921  <r2> =    9.3968  r(max) =   2.1403

     ------------------------ End of All-electron run ------------------------

     Computing logarithmic derivative in   1.99961
